parsed word: ﻿unverbindlich with meanings: [ни к чему не обязывающий, слишком общий] 
parsed word: seicht with meanings: [мелководный, ограниченный (умственно)] 
parsed word: dünn with meanings: [тонкий, худой, редний (волосы)] 
parsed word: unleserlich with meanings: [неразборчивый] 
parsed word: dicht with meanings: [плотный, непроницаемый] 
parsed word: welk with meanings: [вялый, блеклый] 
parsed word: dürr with meanings: [сухой, высохший] 
parsed word: heiser with meanings: [хриплый, охрипший] 
parsed word: verschwommen with meanings: [туманный, расплывчатый] 
parsed word: artig with meanings: [вежливый, воспитанный] 
parsed word: gepflegt with meanings: [ухоженный] 
parsed word: kultiviert with meanings: [образцовый, умственно развитый] 
parsed word: planmäßig with meanings: [планомерный, штатный] 
parsed word: zahn with meanings: [ручной] 
parsed word: schwerfällig with meanings: [неповоротливый, неуклюжий] 
parsed word: solide with meanings: [солидный, надежный] 
parsed word: dumpf with meanings: [глухой, затхлый] 
parsed word: faul with meanings: [ленивый, гнилой, тухлый, затхлый] 
parsed word: matt with meanings: [слабый, вялый] 
parsed word: ranzig with meanings: [прогорклый, затхлый] 
parsed word: schal with meanings: [безвкусный, пресный] 
parsed word: schwül with meanings: [душный, знойный] 
parsed word: unverfroren with meanings: [наглый, дерзкий] 
parsed word: unwirsch with meanings: [грубый, неприветливый] 
parsed word: unschlüssig with meanings: [неприветливый] 
parsed word: schlüssig with meanings: [обоснованный, убедительный] 
parsed word: unnahbar with meanings: [высокомерный, неприступный] 
parsed word: ungestüm with meanings: [вспыльчивый, стремительный] 
parsed word: unverhofft with meanings: [неожиданный] 
parsed word: unbeschwert with meanings: [беззаботный, неотягощенный] 
parsed word: berechtigt with meanings: [резонный] 
parsed word: unbeholfen with meanings: [нерасторопный, неловкий, неуклюжиый] 
parsed word: besonnen with meanings: [рассудительный] 
parsed word: gedrückt with meanings: [угнетенный, подавленный] 
word and meanings array [] has not length 2 in Adjective aus Kopien.txt line: 34 
parsed word: vollkommen with meanings: [полный, совершенный, абсолютный] 
parsed word: ungekürzt with meanings: [неукороченный, неубавленный] 
parsed word: voll with meanings: [полный, заполненный, исполненный] 
parsed word: vollständig with meanings: [полный (о данныйх), совершенный (о покое), абсолютно, совершенно] 
parsed word: ausnahmslos with meanings: [не знающий исключений] 
parsed word: vollzählig with meanings: [полный, в полном составе] 
parsed word: umfassend with meanings: [обшщирный, всеобъемлющий, широко, всеобъемлюще] 
parsed word: lückenlos with meanings: [полный, без пробелов, нерперывный, сплошной] 
parsed word: vollauf with meanings: [вдоболь, достаточно, вполне] 
parsed word: unversehrt with meanings: [невредимый, целый] 
parsed word: völlig with meanings: [полный, совершенный] 
parsed word: gesamt with meanings: [весь, целый, общий, совокупный] 
parsed word: sämtlich with meanings: [все (без исключения)] 
parsed word: rundweg with meanings: [сразу, прямо] 
parsed word: vollendet with meanings: [совершенный, законченный, завершенный] 
parsed word: einheitlich with meanings: [единый, стадартный] 
parsed word: uneingeschränkt with meanings: [неограниченный] 
parsed word: total with meanings: [всеобщиий, полный] 
word and meanings array [] has not length 2 in Adjective aus Kopien.txt line: 53 
word and meanings array [] has not length 2 in Adjective aus Kopien.txt line: 54 
word and meanings array [] has not length 2 in Adjective aus Kopien.txt line: 55 
word and meanings array [﻿von] has not length 2 in Adjective mit Präpositionen.txt line: 0 
parsed word: abhängig sein von with meanings: [зависеть от чего-то] 
parsed word: begeistert sein von with meanings: [быть взволнованным чем-то] 
parsed word: überzeugt sein von with meanings: [быть убежденным в чем-то] 
parsed word: enttäuscht sein von with meanings: [быть разочарованным в чем-то] 
parsed word: entfernt sein von with meanings: [быть отдаленным от чего-то] 
word and meanings array [auf A] has not length 2 in Adjective mit Präpositionen.txt line: 6 
parsed word: ärgerlich sein auf A with meanings: [злиться из-за чего-то] 
parsed word: böse sein auf A with meanings: [злиться из-за чего-то] 
parsed word: angewiesen sein auf A with meanings: [быть уверенным в чем-то] 
parsed word: eifersüchtig sein auf A with meanings: [завидовать чему-то] 
parsed word: stolz sein auf A with meanings: [быть гордым чем-то] 
word and meanings array [an D] has not length 2 in Adjective mit Präpositionen.txt line: 12 
parsed word: interessiert sein an D with meanings: [быть заинтересованным в чем-то] 
parsed word: erkrankt sein an D with meanings: [быть больным чем-то] 
parsed word: reich sein an D with meanings: [быть богатым чем-то] 
parsed word: schuld sein an D with meanings: [быть виноватым в чем-то] 
parsed word: beteiligt sein an D with meanings: [быть задействованным в чем-то] 
word and meanings array [zu] has not length 2 in Adjective mit Präpositionen.txt line: 18 
parsed word: freundlich sein zu with meanings: [быть дружественным к кому-то] 
parsed word: (un)fähig sein zu with meanings: [быть способным, быть неспособным на что-то] 
parsed word: Bereit sein zu with meanings: [быть готовым на что-то] 
parsed word: nett sein zu with meanings: [быть любезным с кем-то] 
parsed word: entschlossen sein zu with meanings: [решиться на что-то] 
word and meanings array [bei] has not length 2 in Adjective mit Präpositionen.txt line: 24 
parsed word: angesehen sein bei with meanings: [быть в почете среди кого-то] 
parsed word: (un)beliebt sein bei with meanings: [быть не любимым среди] 
word and meanings array [gegenüber] has not length 2 in Adjective mit Präpositionen.txt line: 27 
parsed word: zurückhaltend sein gegenüber with meanings: [быть сдержанным перед кем-то] 
parsed word: aufgeschlossen sein gegenüber with meanings: [быть открытым перед кем-то] 
word and meanings array [gegen A] has not length 2 in Adjective mit Präpositionen.txt line: 30 
parsed word: (un)empfindlich sein gegen A with meanings: [быть нечувствительным к чему-то] 
parsed word: immun sein gegen A with meanings: [быть неуязвимым к чему-то] 
word and meanings array [an A] has not length 2 in Adjective mit Präpositionen.txt line: 33 
parsed word: adressiert sein an A with meanings: [быть адресованным кому-то] 
parsed word: gewöhnt sein an A with meanings: [привыкнуть к чему-то] 
word and meanings array [für] has not length 2 in Adjective mit Präpositionen.txt line: 36 
parsed word: (un)geeignet sein für with meanings: [быть пригодным, быть непригодным к чему-то] 
parsed word: verantwortlich sein für with meanings: [быть ответственным за что-то] 
parsed word: (un)wichtig sein für with meanings: [быть важным, быть неважным для] 
parsed word: (un)schädlich sein für with meanings: [быть вредным, быть безвредным для] 
parsed word: nützlich sein  für with meanings: [быть полезным для] 
word and meanings array [mit] has not length 2 in Adjective mit Präpositionen.txt line: 42 
parsed word: befreundet sein mit with meanings: [быть дружественным кому-то] 
parsed word: verwandt sein mit with meanings: [быть родственным для кого-то] 
parsed word: zufrieden sein mit with meanings: [быть довольным чем-то] 
parsed word: beschäftigt sein mit with meanings: [быть занятым чем-то] 
parsed word: fertig sein mit with meanings: [быть готовым с чем-то] 
word and meanings array [nach] has not length 2 in Adjective mit Präpositionen.txt line: 48 
parsed word: verrückt sein nach with meanings: [сходить с ума из-за] 
word and meanings array [in A] has not length 2 in Adjective mit Präpositionen.txt line: 50 
parsed word: unterteilt sein in A with meanings: [быть разделенным на] 
parsed word: verliebt sein in A with meanings: [быть влюбленным в кого-то] 
word and meanings array [über] has not length 2 in Adjective mit Präpositionen.txt line: 53 
parsed word: glücklich sein über with meanings: [быть радостным из-за] 
parsed word: erfreut sein über with meanings: [быть обрадованным чем-то] 
parsed word: erstaunt sein über with meanings: [быть изумленным чем-то] 
parsed word: traurig sein über with meanings: [быть грустным из-за] 
parsed word: verwundert sein über with meanings: [быть удивленным чем-то] 
parsed word: wütend sein über with meanings: [быть в ярости из-за] 
word and meanings array [in D] has not length 2 in Adjective mit Präpositionen.txt line: 60 
parsed word: (un)erfahren sein in D with meanings: [быть опытным, быть неопытным в чем-то] 
parsed word: gut sein in D with meanings: [быть хорошим в чем-то, быть хорошим для чего-то] 
parsed word: nachlässig sein in D with meanings: [быть неосторожным в] 
word and meanings array [] has not length 2 in Adjective mit Präpositionen.txt line: 64 
parsed word: ﻿belegen with meanings: [доказывать (научным путём)] 
parsed word: von Natur aus with meanings: [от природы] 
parsed word: anhang with meanings: [с помощью, по средством, пользуясь, зная] 
parsed word: ein Medikament gegen Kopfschmerzen with meanings: [средство от головной боли] 
parsed word: behandeln with meanings: [лечить] 
parsed word: Diagnosse stellen with meanings: [ставить диагноз] 
parsed word: zunachst with meanings: [сначала, прежде всего] 
parsed word: allmahlich with meanings: [постепенно] 
parsed word: die Werkstatt with meanings: [мастерская, цех, СТО] 
parsed word: mutma?lich with meanings: [предположительный, вероятный] 
parsed word: umfangreich with meanings: [объемный] 
parsed word: vorsichtshalber with meanings: [на всякий случай, в целях предосторожности] 
parsed word: widerlegen with meanings: [опровергать] 
parsed word: zwischenmenschlich with meanings: [межличностный] 
parsed word: den Humor erwerben with meanings: [приобретать чувство юмора] 
parsed word: vom diesem Standpunkt with meanings: [с этой точки зрения] 
parsed word: erfassen with meanings: [понимать] 
parsed word: der Pechvogel with meanings: [неудачник] 
parsed word: schlittern in with meanings: [скользить] 
parsed word: in den Griff bekommen with meanings: [принимать во внимание] 
parsed word: der Stillstand with meanings: [затишье, застой] 
parsed word: verherrlichen with meanings: [прославлять] 
parsed word: ergiebig with meanings: [плодородный, обильный] 
parsed word: sich eignen als with meanings: [считать себя] 
parsed word: jemandem vergehen with meanings: [пропадать] 
parsed word: der Streich with meanings: [выходка] 
parsed word: hereinlegen with meanings: [прикалывать, разводит] 
parsed word: glaubhaft with meanings: [правдоподобный] 
parsed word: umschlagen in Akk with meanings: [превращаться в] 
parsed word: der Leistungssport with meanings: [большой спорт] 
word and meanings array [] has not length 2 in C1 Kursbuch Kapitel 2.txt line: 30 
parsed word: ﻿das Gutachten with meanings: [заключение, экспертиза, рецензия] 
parsed word: ernste Krankheit with meanings: [сильная болезнь] 
parsed word: hartnackig with meanings: [упорный, настойчивый (о слухах)] 
parsed word: fruhzeitig with meanings: [преждевременно] 
parsed word: vervollstandigen with meanings: [дополнять до целого] 
parsed word: zusammenlegen with meanings: [соединять] 
parsed word: ﻿gleichsetzen D with meanings: [приравнивать, отождествлять] 
parsed word: aufgehen with meanings: [восходить (о солнце)] 
parsed word: heiter with meanings: [веселый, радостный] 
parsed word: angeboren with meanings: [врожденный] 
parsed word: landen auf with meanings: [оказываться, приземляться, высаживаться] 
parsed word: erfassen with meanings: [понимать, хватать] 
parsed word: erstellen with meanings: [создавать, составлять (на основе некоторых данных)] 
parsed word: auftauchen with meanings: [выныривать, оказываться, возникать] 
parsed word: das Erkenntis with meanings: [осознание, научный вывод] 
parsed word: der Gesundheitsstatus with meanings: [состояние здоровья] 
parsed word: ﻿aufgrund G with meanings: [на основании] 
parsed word: der Wandel with meanings: [перемена, изменение] 
parsed word: verallgemeinern with meanings: [обобщенно] 
parsed word: fusionieren with meanings: [слиться] 
parsed word: die Verausgabung with meanings: [расходование, трата] 
parsed word: umgekehrt with meanings: [перевернутый, вывернутый, взаимный] 
parsed word: zumindest with meanings: [по крайней мере] 
parsed word: bewirken with meanings: [вызывать, способствовать] 
parsed word: umschlagen in with meanings: [обертывать, обматывать, резко меняться] 
parsed word: zum Teil with meanings: [частично] 
parsed word: sich stürzem in with meanings: [упасть в] 
parsed word: die Reflexion uber with meanings: [самоанализ в] 
parsed word: das Tun with meanings: [образ действий, поведение] 
parsed word: zahlen zu with meanings: [причислять к] 
parsed word: die Wertschätzung with meanings: [уважение, оценка] 
parsed word: ausbleibend with meanings: [отсутствующий] 
parsed word: ideel with meanings: [идефній] 
parsed word: ﻿umfangreich with meanings: [обширный, большой] 
parsed word: unermundlich with meanings: [неутомимый, неустанный] 
parsed word: knochenhart with meanings: [твёрдый как камень] 
parsed word: die Recherche with meanings: [поиски] 
parsed word: hiebfest with meanings: [неуязвимый] 
parsed word: stitchfest with meanings: [неуязвимый] 
parsed word: zerlegen with meanings: [разчленять] 
parsed word: die Sichtung with meanings: [обнаружение] 
parsed word: anfallen with meanings: [возникать] 
parsed word: der Spa?vogel with meanings: [шутник] 
word and meanings array [] has not length 2 in C1 Kursbuch Seite 51.txt line: 10 
parsed word: ﻿das Dabeisein with meanings: [присутствие] 
parsed word: die Bereicherung with meanings: [обогащение] 
parsed word: die Gunst with meanings: [благосклонность] 
parsed word: das Wagenrennen with meanings: [автогонки] 
parsed word: sich ranken um with meanings: [виться вокруг] 
parsed word: greifen zu with meanings: [прибегать к] 
parsed word: der Fliegenpilz with meanings: [мухомор] 
parsed word: die Inkas with meanings: [инки] 
parsed word: schutten In with meanings: [вливать в] 
parsed word: verallgemeinernd with meanings: [обобщенно (all in all)] 
parsed word: der Anreiz with meanings: [стимул] 
parsed word: die Hemmschwelle with meanings: [психологический барьер] 
parsed word: der Vorreiter with meanings: [зачинатель] 
word and meanings array [] has not length 2 in C1 Kursbuch Seite 70.txt line: 13 
parsed word: ﻿die Ressentiments with meanings: [обида, враждебность] 
parsed word: allgemeingultig with meanings: [общепринятій] 
parsed word: flussiges English with meanings: [беглый английский] 
parsed word: ergeben with meanings: [двавать в результате] 
parsed word: schlichtes Wissen with meanings: [простое знание] 
parsed word: aussagekräftig with meanings: [содержательный] 
parsed word: ruppig with meanings: [грубый, хамский] 
parsed word: geldgierig with meanings: [алчный, корыстный, жадный] 
parsed word: der Tugend with meanings: [добродетель] 
parsed word: der Anwärter with meanings: [претендент, кандидат] 
parsed word: vorrangig with meanings: [преимущественный, первоочередный] 
word and meanings array [] has not length 2 in C1 Kursbuch Seite 75.txt line: 11 
parsed word: ﻿die Ehre with meanings: [честь] 
parsed word: das Rätsel with meanings: [загадка] 
parsed word: der Butler with meanings: [дворецкий, швейцар, заведующий винным поглебом] 
parsed word: die Sänfte with meanings: [носилки] 
parsed word: die Buche with meanings: [бук] 
parsed word: pr?chtig with meanings: [великолеспны, роскошный, пыщный] 
parsed word: sich erheben with meanings: [подниматься, вставать] 
parsed word: die Dirne with meanings: [служанка] 
parsed word: der Heide with meanings: [язычник] 
parsed word: scheußlich with meanings: [отвратительный, ужасгый] 
parsed word: die Angelegenheit with meanings: [дело, вопрос, обстоятельство] 
parsed word: sich wenden an + A with meanings: [обращаться к кому-то] 
parsed word: unnachsichtlich with meanings: [беспощажный] 
parsed word: die Verleumdung with meanings: [клевета] 
parsed word: das Gespenst with meanings: [привиление, призрак] 
parsed word: die Glocke with meanings: [колокольчик, гонг] 
parsed word: nach einer Sitte with meanings: [согласно обычаю] 
parsed word: einstimmig with meanings: [идиносгасный, единогласно] 
parsed word: zögern with meanings: [медлить колебаться] 
parsed word: ﻿der Schadel with meanings: [череп] 
parsed word: zittern with meanings: [дрожать] 
parsed word: der Fallschirm with meanings: [парашют] 
parsed word: flattern with meanings: [порхать (на ветру)] 
parsed word: der Trost with meanings: [утешение] 
parsed word: die Stube with meanings: [спальное помещение] 
parsed word: die Handvoll with meanings: [горсть] 
parsed word: einschleppen with meanings: [занести болезнь] 
parsed word: sich aufrichten with meanings: [подниматься] 
parsed word: auffüttern with meanings: [скармливать] 
parsed word: schmal with meanings: [узкий, тонкий, худой] 
parsed word: bestimmen über with meanings: [голосовать за] 
parsed word: ﻿der Bildhauer with meanings: [скульптор] 
parsed word: mitstimmen with meanings: [участвовать в голосовании] 
parsed word: das Werk with meanings: [дело, труд, работа] 
parsed word: der Nobelpreis with meanings: [нобелевская премия] 
parsed word: polarisieren in A und A with meanings: [простивопоставлять] 
parsed word: außerordentlich with meanings: [чрезвычайный] 
parsed word: verfassen with meanings: [составлять, сочинять] 
parsed word: die Lebensgeschichte with meanings: [биография, история жизни] 
parsed word: kleinwüchsig with meanings: [низкого роста, малорослый] 
parsed word: ausdehnen auf with meanings: [распространять на] 
parsed word: einbüßen with meanings: [утрачивать] 
parsed word: einstellen with meanings: [вставлять, помещать, зачислять] 
parsed word: kooperationsbereit with meanings: [готовый к сотрудничеству] 
parsed word: steuerpflichtig with meanings: [платящий налог, подлежащий обложению налогом] 
parsed word: untröstlich with meanings: [безутешный] 
parsed word: aneignen with meanings: [усваивать, овладевать, брать на вооружение] 
parsed word: streitsüchtig with meanings: [любязий спорить] 
parsed word: abwägen zwischen with meanings: [балансировать между] 
parsed word: vorauseilend with meanings: [опережающий, забегая наперед] 
parsed word: vor Augen haben with meanings: [держать на уме] 
word and meanings array [] has not length 2 in Modalverben.txt line: 9 
parsed word: unerlässlich with meanings: [необходимый] 
parsed word: sich etwas vornehmen with meanings: [предпринимать] 
parsed word: vorgesehen sein with meanings: [предназначаться] 
parsed word: die Befundnis with meanings: [полномочие] 
parsed word: die Berechtigung with meanings: [полномочие] 
parsed word: die Begabung with meanings: [способности, талант] 
parsed word: es gehört sich with meanings: [полагается] 
parsed word: imstande sein with meanings: [быть в состоянии] 
parsed word: genehmigt sein with meanings: [быть одобренным, быть санкционированным] 
word and meanings array [] has not length 2 in Modalverben.txt line: 19 
parsed word: der Vorstand with meanings: [председатель, руководство] 
parsed word: Ruhe bewahren with meanings: [сохранять спокойствие] 
parsed word: deponieren with meanings: [отдавать на хранение] 
parsed word: der Käfig with meanings: [клетка (для животного)] 
parsed word: das Geschwätz with meanings: [болтовня, сплетни] 
parsed word: überholen with meanings: [переходить дорогу] 
parsed word: ertragen with meanings: [переносить, терпеть, сносить] 
parsed word: rechtfertigen with meanings: [оправдать, обосновать] 
parsed word: einfordern with meanings: [потребовать, затребовать] 
parsed word: der Vorstand with meanings: [правление, председатель] 
parsed word: der Verstand with meanings: [ум] 
parsed word: die Verwaltung with meanings: [управление, администрация] 
parsed word: der Verwaltungrat with meanings: [правление] 
word and meanings array [] has not length 2 in NDR Doku line: 7 
parsed word: reibundslos with meanings: [бесприпятственный, бесперебойный] 
parsed word: entwefen with meanings: [проектировать] 
parsed word: pauschal with meanings: [общий, безлимитный] 
parsed word: pauschalisieren with meanings: [обощать, делать общие выводы] 
parsed word: das Pauachalkosten with meanings: [общий расходы] 
parsed word: verwirklichen with meanings: [осуществлять] 
parsed word: die Immobilie with meanings: [недвижимость] 
parsed word: ungeheuer with meanings: [ужасный, огромный] 
parsed word: zwingend with meanings: [обязательно] 
parsed word: die Blutentnahme with meanings: [забор крови, анализ крови] 
word and meanings array [] has not length 2 in NDR Doku line: 18 
parsed word: sich erhärten with meanings: [украпляться] 
parsed word: die Spanne with meanings: [промежуток] 
parsed word: die Preisspanne with meanings: [ценовые рамки] 
parsed word: die Gemeinde with meanings: [община] 
parsed word: der Umkreis with meanings: [район, округа] 
parsed word: einmessen with meanings: [отмерять] 
parsed word: blenden with meanings: [ослеплять] 
parsed word: lebendig with meanings: [полный жизни] 
parsed word: erwirtschaften with meanings: [зарабатывать] 
parsed word: der Magnet with meanings: [магнит] 
parsed word: ausschütteln with meanings: [встрязивать, вытрязивать] 
word and meanings array [] has not length 2 in NDR Doku line: 30 
parsed word: die Angel with meanings: [удочка] 
parsed word: der Hebel with meanings: [рычаг] 
parsed word: depremiert with meanings: [подавленный] 
parsed word: zuversichtlich with meanings: [обнадеживающий] 
parsed word: überwachen Akk with meanings: [наблюдать за] 
parsed word: das Zugeständnis with meanings: [уступка] 
parsed word: umgekehrt with meanings: [наоборот] 
parsed word: das Regiment with meanings: [власть правление] 
parsed word: wundersam with meanings: [чудесный] 
parsed word: die Genehmigung with meanings: [разрешение] 
parsed word: ﻿der Goldschmied with meanings: [ювелир] 
parsed word: die Espen with meanings: [осина] 
parsed word: der Kreisverkehr with meanings: [перекрёстное движение] 
parsed word: die Kreuzung with meanings: [перекрёсток] 
parsed word: es ist mir ausgegangen with meanings: [заканчиваться] 
parsed word: unermüdlich with meanings: [неустанно] 
parsed word: fahrig with meanings: [расторопный, суетливый] 
parsed word: die Pachtung with meanings: [договор аренды] 
parsed word: die Garbe with meanings: [сноп] 
parsed word: der Tumpel with meanings: [пруд, лужа, стоячая вода] 
parsed word: der Faden with meanings: [саженец, нитка] 
parsed word: der Verfall with meanings: [гибель] 
parsed word: allmählich with meanings: [постепенно] 
parsed word: verdaunen with meanings: [переваривать] 
parsed word: die Sprosse with meanings: [ступенька] 
parsed word: übergießen with meanings: [заливать заварку, выливать, проливать] 
parsed word: die Raureif with meanings: [изморозь] 
parsed word: die Sorgfalt with meanings: [тщательность, точность, старание] 
parsed word: die Last with meanings: [ноша, груз] 
parsed word: die Zwischenzeit with meanings: [промежуток времени] 
parsed word: aufbrechen with meanings: [взламывать (дверь)] 
parsed word: die Bedingung with meanings: [условие] 
parsed word: die Pampelmuse with meanings: [грейпфрут] 
parsed word: großspurig with meanings: [надменный, кичливый] 
parsed word: der Ahorn with meanings: [клён] 
parsed word: die Schmuggelware with meanings: [контрабанда] 
parsed word: toben with meanings: [бушевать, свирепствовать, психовать] 
parsed word: fluchen with meanings: [браниться, сквернословить] 
parsed word: unverzuglich with meanings: [немедленно, безотлагательно] 
parsed word: vernachlässigen with meanings: [пренебрегать, умалять] 
parsed word: den Hörer abnehmen with meanings: [поднимать трубку] 
parsed word: zerfallen with meanings: [распадаться] 
parsed word: der Einwurf with meanings: [набросок, эскиз] 
parsed word: taumeln with meanings: [шататься, покачиваться] 
parsed word: ﻿der Vormund with meanings: [опекун] 
parsed word: bertreuen with meanings: [ухаживать] 
parsed word: von jdm etwas erben with meanings: [наследовать от кого-то что-то] 
parsed word: der Junggestelle with meanings: [холостяк] 
parsed word: der Lebensgefahrte with meanings: [спутник жизни] 
parsed word: unehelich with meanings: [внебрачный] 
parsed word: das Trauschein with meanings: [свидетельство о браке] 
parsed word: die Abtreibung with meanings: [аборт] 
parsed word: leibliche Eltern with meanings: [кровные родители] 
parsed word: schmucken with meanings: [украшать] 
parsed word: beisetzen with meanings: [погребать] 
parsed word: taufen with meanings: [крестить] 
parsed word: verwohnen durch with meanings: [баловать чем-то] 
parsed word: beinringen D Akk with meanings: [прививать кому-то что-то] 
parsed word: gedenken G with meanings: [чтить память] 
parsed word: beweinen with meanings: [оплакивать] 
parsed word: schmieden with meanings: [ковать] 
parsed word: auskommen mit with meanings: [ладить с кем-то] 
parsed word: versorgen with meanings: [содержать (хозяйство)] 
parsed word: jdn stillen with meanings: [успокаивать] 
parsed word: krabbeln with meanings: [ползти] 
parsed word: ﻿gewaltig with meanings: [сильный, могущественный] 
parsed word: vorläufig with meanings: [предварительный, временный] 
parsed word: der Trumen with meanings: [развалины, руины] 
parsed word: aufkommen with meanings: [выздоравливать, возникать, появляться] 
parsed word: reinpassen with meanings: [помещатья, влазить, подходить по размеру] 
parsed word: endgultig with meanings: [окончательный] 
parsed word: schrittweis with meanings: [постепенный] 
java.lang.IllegalArgumentException: given word contains only white spaces 
parsed word: erschutettern with meanings: [сотрясать] 
parsed word: festhalten an with meanings: [придерживаться] 
parsed word: aufgeben with meanings: [задавать, поручать] 
parsed word: verstandigen with meanings: [ставить в известность] 
parsed word: der Zuschuss with meanings: [прибавка, субсидия, пособие] 
parsed word: aufwendig with meanings: [расточительный] 
parsed word: Bescheid wissen in with meanings: [хорошо в чем-то разбираться] 
parsed word: ﻿aus biologischer Sich with meanings: [с биологической точки зрения] 
parsed word: tendieren zu with meanings: [иметь тенденцию к] 
parsed word: leichtsinnig with meanings: [безрассудный] 
parsed word: ubersehen with meanings: [не замечать, пропускать, упускать] 
parsed word: die Abwehrhaltung with meanings: [защитная позиция] 
parsed word: vor allem und jedem with meanings: [перед всем и каждым] 
parsed word: der Vortrag halten vor with meanings: [внесли доклад перед] 
parsed word: heirfur with meanings: [на это, для этого] 
parsed word: das Lockmittel with meanings: [приманка] 
parsed word: das Ausleben with meanings: [изживание (аффекта)] 
parsed word: der Saugling with meanings: [грудной ребенок] 
parsed word: die Nahrungsaufnahme with meanings: [принятие пищи] 
parsed word: vorasugehen with meanings: [предшествовать, предварять] 
parsed word: sich koppeln an with meanings: [отвязываться к (другому событию)] 
parsed word: zufällig with meanings: [случайный] 
parsed word: unausweichlich with meanings: [неизбежно] 
parsed word: ausweichen with meanings: [избегать, уклоняться] 
parsed word: durchaus with meanings: [совсем, совершенно, абсолютно, непременно] 
parsed word: krass with meanings: [резкий, неприятный, разящий] 
parsed word: krass with meanings: [резко] 
parsed word: fluchtig with meanings: [мимолетный] 
parsed word: loswerden with meanings: [избавляться, освобождаться] 
parsed word: antreiben with meanings: [погонять, поощрять] 
parsed word: Chances haben zu with meanings: [иметь шансы на] 
parsed word: hingegen with meanings: [напротив (натомість)] 
parsed word: namenlos with meanings: [неизвестный] 
parsed word: schicksalhaft with meanings: [фатальный, судьбоносный] 
parsed word: mildern with meanings: [смягчать, облегчать] 
parsed word: sich winden with meanings: [виться] 
parsed word: der Aal with meanings: [угорь] 
parsed word: dei Raupe with meanings: [гусеница] 
parsed word: der Affenzahn with meanings: [бешенная скорость] 
parsed word: zuleide tun with meanings: [обижать] 
parsed word: krähen with meanings: [кудахкать] 
parsed word: lahmen with meanings: [хромать] 
parsed word: lahm with meanings: [хромой] 
parsed word: ﻿je nach Bedarf with meanings: [по потребности] 
word and meanings array [sich bedauern über (?)- сожадлеть то чем-то] has not length 2 in wichtig.txt line: 1 
parsed word: ﻿unverbindlich with meanings: [ни к чему не обязывающий, слишком общий] 
parsed word: seicht with meanings: [мелководный, ограниченный (умственно)] 
parsed word: dünn with meanings: [тонкий, худой, редний (волосы)] 
parsed word: unleserlich with meanings: [неразборчивый] 
parsed word: dicht with meanings: [плотный, непроницаемый] 
parsed word: welk with meanings: [вялый, блеклый] 
parsed word: dürr with meanings: [сухой, высохший] 
parsed word: heiser with meanings: [хриплый, охрипший] 
parsed word: verschwommen with meanings: [туманный, расплывчатый] 
parsed word: artig with meanings: [вежливый, воспитанный] 
parsed word: gepflegt with meanings: [ухоженный] 
parsed word: kultiviert with meanings: [образцовый, умственно развитый] 
parsed word: planmäßig with meanings: [планомерный, штатный] 
parsed word: zahn with meanings: [ручной] 
parsed word: schwerfällig with meanings: [неповоротливый, неуклюжий] 
parsed word: solide with meanings: [солидный, надежный] 
parsed word: dumpf with meanings: [глухой, затхлый] 
parsed word: faul with meanings: [ленивый, гнилой, тухлый, затхлый] 
parsed word: matt with meanings: [слабый, вялый] 
parsed word: ranzig with meanings: [прогорклый, затхлый] 
parsed word: schal with meanings: [безвкусный, пресный] 
parsed word: schwül with meanings: [душный, знойный] 
parsed word: unverfroren with meanings: [наглый, дерзкий] 
parsed word: unwirsch with meanings: [грубый, неприветливый] 
parsed word: unschlüssig with meanings: [неприветливый] 
parsed word: schlüssig with meanings: [обоснованный, убедительный] 
parsed word: unnahbar with meanings: [высокомерный, неприступный] 
parsed word: ungestüm with meanings: [вспыльчивый, стремительный] 
parsed word: unverhofft with meanings: [неожиданный] 
parsed word: unbeschwert with meanings: [беззаботный, неотягощенный] 
parsed word: berechtigt with meanings: [резонный] 
parsed word: unbeholfen with meanings: [нерасторопный, неловкий, неуклюжиый] 
parsed word: besonnen with meanings: [рассудительный] 
parsed word: gedrückt with meanings: [угнетенный, подавленный] 
word and meanings array [] has not length 2 in Adjective aus Kopien.txt line: 34 
parsed word: vollkommen with meanings: [полный, совершенный, абсолютный] 
parsed word: ungekürzt with meanings: [неукороченный, неубавленный] 
parsed word: voll with meanings: [полный, заполненный, исполненный] 
parsed word: vollständig with meanings: [полный (о данныйх), совершенный (о покое), абсолютно, совершенно] 
parsed word: ausnahmslos with meanings: [не знающий исключений] 
parsed word: vollzählig with meanings: [полный, в полном составе] 
parsed word: umfassend with meanings: [обшщирный, всеобъемлющий, широко, всеобъемлюще] 
parsed word: lückenlos with meanings: [полный, без пробелов, нерперывный, сплошной] 
parsed word: vollauf with meanings: [вдоболь, достаточно, вполне] 
parsed word: unversehrt with meanings: [невредимый, целый] 
parsed word: völlig with meanings: [полный, совершенный] 
parsed word: gesamt with meanings: [весь, целый, общий, совокупный] 
parsed word: sämtlich with meanings: [все (без исключения)] 
parsed word: rundweg with meanings: [сразу, прямо] 
parsed word: vollendet with meanings: [совершенный, законченный, завершенный] 
parsed word: einheitlich with meanings: [единый, стадартный] 
parsed word: uneingeschränkt with meanings: [неограниченный] 
parsed word: total with meanings: [всеобщиий, полный] 
word and meanings array [] has not length 2 in Adjective aus Kopien.txt line: 53 
word and meanings array [] has not length 2 in Adjective aus Kopien.txt line: 54 
word and meanings array [] has not length 2 in Adjective aus Kopien.txt line: 55 
word and meanings array [﻿von] has not length 2 in Adjective mit Präpositionen.txt line: 0 
parsed word: abhängig sein von with meanings: [зависеть от чего-то] 
parsed word: begeistert sein von with meanings: [быть взволнованным чем-то] 
parsed word: überzeugt sein von with meanings: [быть убежденным в чем-то] 
parsed word: enttäuscht sein von with meanings: [быть разочарованным в чем-то] 
parsed word: entfernt sein von with meanings: [быть отдаленным от чего-то] 
word and meanings array [auf A] has not length 2 in Adjective mit Präpositionen.txt line: 6 
parsed word: ärgerlich sein auf A with meanings: [злиться из-за чего-то] 
parsed word: böse sein auf A with meanings: [злиться из-за чего-то] 
parsed word: angewiesen sein auf A with meanings: [быть уверенным в чем-то] 
parsed word: eifersüchtig sein auf A with meanings: [завидовать чему-то] 
parsed word: stolz sein auf A with meanings: [быть гордым чем-то] 
word and meanings array [an D] has not length 2 in Adjective mit Präpositionen.txt line: 12 
parsed word: interessiert sein an D with meanings: [быть заинтересованным в чем-то] 
parsed word: erkrankt sein an D with meanings: [быть больным чем-то] 
parsed word: reich sein an D with meanings: [быть богатым чем-то] 
parsed word: schuld sein an D with meanings: [быть виноватым в чем-то] 
parsed word: beteiligt sein an D with meanings: [быть задействованным в чем-то] 
word and meanings array [zu] has not length 2 in Adjective mit Präpositionen.txt line: 18 
parsed word: freundlich sein zu with meanings: [быть дружественным к кому-то] 
parsed word: (un)fähig sein zu with meanings: [быть способным, быть неспособным на что-то] 
parsed word: Bereit sein zu with meanings: [быть готовым на что-то] 
parsed word: nett sein zu with meanings: [быть любезным с кем-то] 
parsed word: entschlossen sein zu with meanings: [решиться на что-то] 
word and meanings array [bei] has not length 2 in Adjective mit Präpositionen.txt line: 24 
parsed word: angesehen sein bei with meanings: [быть в почете среди кого-то] 
parsed word: (un)beliebt sein bei with meanings: [быть не любимым среди] 
word and meanings array [gegenüber] has not length 2 in Adjective mit Präpositionen.txt line: 27 
parsed word: zurückhaltend sein gegenüber with meanings: [быть сдержанным перед кем-то] 
parsed word: aufgeschlossen sein gegenüber with meanings: [быть открытым перед кем-то] 
word and meanings array [gegen A] has not length 2 in Adjective mit Präpositionen.txt line: 30 
parsed word: (un)empfindlich sein gegen A with meanings: [быть нечувствительным к чему-то] 
parsed word: immun sein gegen A with meanings: [быть неуязвимым к чему-то] 
word and meanings array [an A] has not length 2 in Adjective mit Präpositionen.txt line: 33 
parsed word: adressiert sein an A with meanings: [быть адресованным кому-то] 
parsed word: gewöhnt sein an A with meanings: [привыкнуть к чему-то] 
word and meanings array [für] has not length 2 in Adjective mit Präpositionen.txt line: 36 
parsed word: (un)geeignet sein für with meanings: [быть пригодным, быть непригодным к чему-то] 
parsed word: verantwortlich sein für with meanings: [быть ответственным за что-то] 
parsed word: (un)wichtig sein für with meanings: [быть важным, быть неважным для] 
parsed word: (un)schädlich sein für with meanings: [быть вредным, быть безвредным для] 
parsed word: nützlich sein  für with meanings: [быть полезным для] 
word and meanings array [mit] has not length 2 in Adjective mit Präpositionen.txt line: 42 
parsed word: befreundet sein mit with meanings: [быть дружественным кому-то] 
parsed word: verwandt sein mit with meanings: [быть родственным для кого-то] 
parsed word: zufrieden sein mit with meanings: [быть довольным чем-то] 
parsed word: beschäftigt sein mit with meanings: [быть занятым чем-то] 
parsed word: fertig sein mit with meanings: [быть готовым с чем-то] 
word and meanings array [nach] has not length 2 in Adjective mit Präpositionen.txt line: 48 
parsed word: verrückt sein nach with meanings: [сходить с ума из-за] 
word and meanings array [in A] has not length 2 in Adjective mit Präpositionen.txt line: 50 
parsed word: unterteilt sein in A with meanings: [быть разделенным на] 
parsed word: verliebt sein in A with meanings: [быть влюбленным в кого-то] 
word and meanings array [über] has not length 2 in Adjective mit Präpositionen.txt line: 53 
parsed word: glücklich sein über with meanings: [быть радостным из-за] 
parsed word: erfreut sein über with meanings: [быть обрадованным чем-то] 
parsed word: erstaunt sein über with meanings: [быть изумленным чем-то] 
parsed word: traurig sein über with meanings: [быть грустным из-за] 
parsed word: verwundert sein über with meanings: [быть удивленным чем-то] 
parsed word: wütend sein über with meanings: [быть в ярости из-за] 
word and meanings array [in D] has not length 2 in Adjective mit Präpositionen.txt line: 60 
parsed word: (un)erfahren sein in D with meanings: [быть опытным, быть неопытным в чем-то] 
parsed word: gut sein in D with meanings: [быть хорошим в чем-то, быть хорошим для чего-то] 
parsed word: nachlässig sein in D with meanings: [быть неосторожным в] 
word and meanings array [] has not length 2 in Adjective mit Präpositionen.txt line: 64 
parsed word: ﻿belegen with meanings: [доказывать (научным путём)] 
parsed word: von Natur aus with meanings: [от природы] 
parsed word: anhang with meanings: [с помощью, по средством, пользуясь, зная] 
parsed word: ein Medikament gegen Kopfschmerzen with meanings: [средство от головной боли] 
parsed word: behandeln with meanings: [лечить] 
parsed word: Diagnosse stellen with meanings: [ставить диагноз] 
parsed word: zunachst with meanings: [сначала, прежде всего] 
parsed word: allmahlich with meanings: [постепенно] 
parsed word: die Werkstatt with meanings: [мастерская, цех, СТО] 
parsed word: mutma?lich with meanings: [предположительный, вероятный] 
parsed word: umfangreich with meanings: [объемный] 
parsed word: vorsichtshalber with meanings: [на всякий случай, в целях предосторожности] 
parsed word: widerlegen with meanings: [опровергать] 
parsed word: zwischenmenschlich with meanings: [межличностный] 
parsed word: den Humor erwerben with meanings: [приобретать чувство юмора] 
parsed word: vom diesem Standpunkt with meanings: [с этой точки зрения] 
parsed word: erfassen with meanings: [понимать] 
parsed word: der Pechvogel with meanings: [неудачник] 
parsed word: schlittern in with meanings: [скользить] 
parsed word: in den Griff bekommen with meanings: [принимать во внимание] 
parsed word: der Stillstand with meanings: [затишье, застой] 
parsed word: verherrlichen with meanings: [прославлять] 
parsed word: ergiebig with meanings: [плодородный, обильный] 
parsed word: sich eignen als with meanings: [считать себя] 
parsed word: jemandem vergehen with meanings: [пропадать] 
parsed word: der Streich with meanings: [выходка] 
parsed word: hereinlegen with meanings: [прикалывать, разводит] 
parsed word: glaubhaft with meanings: [правдоподобный] 
parsed word: umschlagen in Akk with meanings: [превращаться в] 
parsed word: der Leistungssport with meanings: [большой спорт] 
word and meanings array [] has not length 2 in C1 Kursbuch Kapitel 2.txt line: 30 
parsed word: ﻿das Gutachten with meanings: [заключение, экспертиза, рецензия] 
parsed word: ernste Krankheit with meanings: [сильная болезнь] 
parsed word: hartnackig with meanings: [упорный, настойчивый (о слухах)] 
parsed word: fruhzeitig with meanings: [преждевременно] 
parsed word: vervollstandigen with meanings: [дополнять до целого] 
parsed word: zusammenlegen with meanings: [соединять] 
parsed word: ﻿gleichsetzen D with meanings: [приравнивать, отождествлять] 
parsed word: aufgehen with meanings: [восходить (о солнце)] 
parsed word: heiter with meanings: [веселый, радостный] 
parsed word: angeboren with meanings: [врожденный] 
parsed word: landen auf with meanings: [оказываться, приземляться, высаживаться] 
parsed word: erfassen with meanings: [понимать, хватать] 
parsed word: erstellen with meanings: [создавать, составлять (на основе некоторых данных)] 
parsed word: auftauchen with meanings: [выныривать, оказываться, возникать] 
parsed word: das Erkenntis with meanings: [осознание, научный вывод] 
parsed word: der Gesundheitsstatus with meanings: [состояние здоровья] 
parsed word: ﻿aufgrund G with meanings: [на основании] 
parsed word: der Wandel with meanings: [перемена, изменение] 
parsed word: verallgemeinern with meanings: [обобщенно] 
parsed word: fusionieren with meanings: [слиться] 
parsed word: die Verausgabung with meanings: [расходование, трата] 
parsed word: umgekehrt with meanings: [перевернутый, вывернутый, взаимный] 
parsed word: zumindest with meanings: [по крайней мере] 
parsed word: bewirken with meanings: [вызывать, способствовать] 
parsed word: umschlagen in with meanings: [обертывать, обматывать, резко меняться] 
parsed word: zum Teil with meanings: [частично] 
parsed word: sich stürzem in with meanings: [упасть в] 
parsed word: die Reflexion uber with meanings: [самоанализ в] 
parsed word: das Tun with meanings: [образ действий, поведение] 
parsed word: zahlen zu with meanings: [причислять к] 
parsed word: die Wertschätzung with meanings: [уважение, оценка] 
parsed word: ausbleibend with meanings: [отсутствующий] 
parsed word: ideel with meanings: [идефній] 
parsed word: ﻿umfangreich with meanings: [обширный, большой] 
parsed word: unermundlich with meanings: [неутомимый, неустанный] 
parsed word: knochenhart with meanings: [твёрдый как камень] 
parsed word: die Recherche with meanings: [поиски] 
parsed word: hiebfest with meanings: [неуязвимый] 
parsed word: stitchfest with meanings: [неуязвимый] 
parsed word: zerlegen with meanings: [разчленять] 
parsed word: die Sichtung with meanings: [обнаружение] 
parsed word: anfallen with meanings: [возникать] 
parsed word: der Spa?vogel with meanings: [шутник] 
word and meanings array [] has not length 2 in C1 Kursbuch Seite 51.txt line: 10 
parsed word: ﻿das Dabeisein with meanings: [присутствие] 
parsed word: die Bereicherung with meanings: [обогащение] 
parsed word: die Gunst with meanings: [благосклонность] 
parsed word: das Wagenrennen with meanings: [автогонки] 
parsed word: sich ranken um with meanings: [виться вокруг] 
parsed word: greifen zu with meanings: [прибегать к] 
parsed word: der Fliegenpilz with meanings: [мухомор] 
parsed word: die Inkas with meanings: [инки] 
parsed word: schutten In with meanings: [вливать в] 
parsed word: verallgemeinernd with meanings: [обобщенно (all in all)] 
parsed word: der Anreiz with meanings: [стимул] 
parsed word: die Hemmschwelle with meanings: [психологический барьер] 
parsed word: der Vorreiter with meanings: [зачинатель] 
word and meanings array [] has not length 2 in C1 Kursbuch Seite 70.txt line: 13 
parsed word: ﻿die Ressentiments with meanings: [обида, враждебность] 
parsed word: allgemeingultig with meanings: [общепринятій] 
parsed word: flussiges English with meanings: [беглый английский] 
parsed word: ergeben with meanings: [двавать в результате] 
parsed word: schlichtes Wissen with meanings: [простое знание] 
parsed word: aussagekräftig with meanings: [содержательный] 
parsed word: ruppig with meanings: [грубый, хамский] 
parsed word: geldgierig with meanings: [алчный, корыстный, жадный] 
parsed word: der Tugend with meanings: [добродетель] 
parsed word: der Anwärter with meanings: [претендент, кандидат] 
parsed word: vorrangig with meanings: [преимущественный, первоочередный] 
word and meanings array [] has not length 2 in C1 Kursbuch Seite 75.txt line: 11 
parsed word: ﻿die Ehre with meanings: [честь] 
parsed word: das Rätsel with meanings: [загадка] 
parsed word: der Butler with meanings: [дворецкий, швейцар, заведующий винным поглебом] 
parsed word: die Sänfte with meanings: [носилки] 
parsed word: die Buche with meanings: [бук] 
parsed word: pr?chtig with meanings: [великолеспны, роскошный, пыщный] 
parsed word: sich erheben with meanings: [подниматься, вставать] 
parsed word: die Dirne with meanings: [служанка] 
parsed word: der Heide with meanings: [язычник] 
parsed word: scheußlich with meanings: [отвратительный, ужасгый] 
parsed word: die Angelegenheit with meanings: [дело, вопрос, обстоятельство] 
parsed word: sich wenden an + A with meanings: [обращаться к кому-то] 
parsed word: unnachsichtlich with meanings: [беспощажный] 
parsed word: die Verleumdung with meanings: [клевета] 
parsed word: das Gespenst with meanings: [привиление, призрак] 
parsed word: die Glocke with meanings: [колокольчик, гонг] 
parsed word: nach einer Sitte with meanings: [согласно обычаю] 
parsed word: einstimmig with meanings: [идиносгасный, единогласно] 
parsed word: zögern with meanings: [медлить колебаться] 
parsed word: ﻿der Schadel with meanings: [череп] 
parsed word: zittern with meanings: [дрожать] 
parsed word: der Fallschirm with meanings: [парашют] 
parsed word: flattern with meanings: [порхать (на ветру)] 
parsed word: der Trost with meanings: [утешение] 
parsed word: die Stube with meanings: [спальное помещение] 
parsed word: die Handvoll with meanings: [горсть] 
parsed word: einschleppen with meanings: [занести болезнь] 
parsed word: sich aufrichten with meanings: [подниматься] 
parsed word: auffüttern with meanings: [скармливать] 
parsed word: schmal with meanings: [узкий, тонкий, худой] 
parsed word: bestimmen über with meanings: [голосовать за] 
parsed word: ﻿der Bildhauer with meanings: [скульптор] 
parsed word: mitstimmen with meanings: [участвовать в голосовании] 
parsed word: das Werk with meanings: [дело, труд, работа] 
parsed word: der Nobelpreis with meanings: [нобелевская премия] 
parsed word: polarisieren in A und A with meanings: [простивопоставлять] 
parsed word: außerordentlich with meanings: [чрезвычайный] 
parsed word: verfassen with meanings: [составлять, сочинять] 
parsed word: die Lebensgeschichte with meanings: [биография, история жизни] 
parsed word: kleinwüchsig with meanings: [низкого роста, малорослый] 
parsed word: ausdehnen auf with meanings: [распространять на] 
parsed word: einbüßen with meanings: [утрачивать] 
parsed word: einstellen with meanings: [вставлять, помещать, зачислять] 
parsed word: kooperationsbereit with meanings: [готовый к сотрудничеству] 
parsed word: steuerpflichtig with meanings: [платящий налог, подлежащий обложению налогом] 
parsed word: untröstlich with meanings: [безутешный] 
parsed word: aneignen with meanings: [усваивать, овладевать, брать на вооружение] 
parsed word: streitsüchtig with meanings: [любязий спорить] 
parsed word: abwägen zwischen with meanings: [балансировать между] 
parsed word: vorauseilend with meanings: [опережающий, забегая наперед] 
parsed word: vor Augen haben with meanings: [держать на уме] 
word and meanings array [] has not length 2 in Modalverben.txt line: 9 
parsed word: unerlässlich with meanings: [необходимый] 
parsed word: sich etwas vornehmen with meanings: [предпринимать] 
parsed word: vorgesehen sein with meanings: [предназначаться] 
parsed word: die Befundnis with meanings: [полномочие] 
parsed word: die Berechtigung with meanings: [полномочие] 
parsed word: die Begabung with meanings: [способности, талант] 
parsed word: es gehört sich with meanings: [полагается] 
parsed word: imstande sein with meanings: [быть в состоянии] 
parsed word: genehmigt sein with meanings: [быть одобренным, быть санкционированным] 
word and meanings array [] has not length 2 in Modalverben.txt line: 19 
parsed word: der Vorstand with meanings: [председатель, руководство] 
parsed word: Ruhe bewahren with meanings: [сохранять спокойствие] 
parsed word: deponieren with meanings: [отдавать на хранение] 
parsed word: der Käfig with meanings: [клетка (для животного)] 
parsed word: das Geschwätz with meanings: [болтовня, сплетни] 
parsed word: überholen with meanings: [переходить дорогу] 
parsed word: ertragen with meanings: [переносить, терпеть, сносить] 
parsed word: rechtfertigen with meanings: [оправдать, обосновать] 
parsed word: einfordern with meanings: [потребовать, затребовать] 
parsed word: der Vorstand with meanings: [правление, председатель] 
parsed word: der Verstand with meanings: [ум] 
parsed word: die Verwaltung with meanings: [управление, администрация] 
parsed word: der Verwaltungrat with meanings: [правление] 
word and meanings array [] has not length 2 in NDR Doku line: 7 
parsed word: reibundslos with meanings: [бесприпятственный, бесперебойный] 
parsed word: entwefen with meanings: [проектировать] 
parsed word: pauschal with meanings: [общий, безлимитный] 
parsed word: pauschalisieren with meanings: [обощать, делать общие выводы] 
parsed word: das Pauachalkosten with meanings: [общий расходы] 
parsed word: verwirklichen with meanings: [осуществлять] 
parsed word: die Immobilie with meanings: [недвижимость] 
parsed word: ungeheuer with meanings: [ужасный, огромный] 
parsed word: zwingend with meanings: [обязательно] 
parsed word: die Blutentnahme with meanings: [забор крови, анализ крови] 
word and meanings array [] has not length 2 in NDR Doku line: 18 
parsed word: sich erhärten with meanings: [украпляться] 
parsed word: die Spanne with meanings: [промежуток] 
parsed word: die Preisspanne with meanings: [ценовые рамки] 
parsed word: die Gemeinde with meanings: [община] 
parsed word: der Umkreis with meanings: [район, округа] 
parsed word: einmessen with meanings: [отмерять] 
parsed word: blenden with meanings: [ослеплять] 
parsed word: lebendig with meanings: [полный жизни] 
parsed word: erwirtschaften with meanings: [зарабатывать] 
parsed word: der Magnet with meanings: [магнит] 
parsed word: ausschütteln with meanings: [встрязивать, вытрязивать] 
word and meanings array [] has not length 2 in NDR Doku line: 30 
parsed word: die Angel with meanings: [удочка] 
parsed word: der Hebel with meanings: [рычаг] 
parsed word: depremiert with meanings: [подавленный] 
parsed word: zuversichtlich with meanings: [обнадеживающий] 
parsed word: überwachen Akk with meanings: [наблюдать за] 
parsed word: das Zugeständnis with meanings: [уступка] 
parsed word: umgekehrt with meanings: [наоборот] 
parsed word: das Regiment with meanings: [власть правление] 
parsed word: wundersam with meanings: [чудесный] 
parsed word: die Genehmigung with meanings: [разрешение] 
parsed word: ﻿der Goldschmied with meanings: [ювелир] 
parsed word: die Espen with meanings: [осина] 
parsed word: der Kreisverkehr with meanings: [перекрёстное движение] 
parsed word: die Kreuzung with meanings: [перекрёсток] 
parsed word: es ist mir ausgegangen with meanings: [заканчиваться] 
parsed word: unermüdlich with meanings: [неустанно] 
parsed word: fahrig with meanings: [расторопный, суетливый] 
parsed word: die Pachtung with meanings: [договор аренды] 
parsed word: die Garbe with meanings: [сноп] 
parsed word: der Tumpel with meanings: [пруд, лужа, стоячая вода] 
parsed word: der Faden with meanings: [саженец, нитка] 
parsed word: der Verfall with meanings: [гибель] 
parsed word: allmählich with meanings: [постепенно] 
parsed word: verdaunen with meanings: [переваривать] 
parsed word: die Sprosse with meanings: [ступенька] 
parsed word: übergießen with meanings: [заливать заварку, выливать, проливать] 
parsed word: die Raureif with meanings: [изморозь] 
parsed word: die Sorgfalt with meanings: [тщательность, точность, старание] 
parsed word: die Last with meanings: [ноша, груз] 
parsed word: die Zwischenzeit with meanings: [промежуток времени] 
parsed word: aufbrechen with meanings: [взламывать (дверь)] 
parsed word: die Bedingung with meanings: [условие] 
parsed word: die Pampelmuse with meanings: [грейпфрут] 
parsed word: großspurig with meanings: [надменный, кичливый] 
parsed word: der Ahorn with meanings: [клён] 
parsed word: die Schmuggelware with meanings: [контрабанда] 
parsed word: toben with meanings: [бушевать, свирепствовать, психовать] 
parsed word: fluchen with meanings: [браниться, сквернословить] 
parsed word: unverzuglich with meanings: [немедленно, безотлагательно] 
parsed word: vernachlässigen with meanings: [пренебрегать, умалять] 
parsed word: den Hörer abnehmen with meanings: [поднимать трубку] 
parsed word: zerfallen with meanings: [распадаться] 
parsed word: der Einwurf with meanings: [набросок, эскиз] 
parsed word: taumeln with meanings: [шататься, покачиваться] 
parsed word: ﻿der Vormund with meanings: [опекун] 
parsed word: bertreuen with meanings: [ухаживать] 
parsed word: von jdm etwas erben with meanings: [наследовать от кого-то что-то] 
parsed word: der Junggestelle with meanings: [холостяк] 
parsed word: der Lebensgefahrte with meanings: [спутник жизни] 
parsed word: unehelich with meanings: [внебрачный] 
parsed word: das Trauschein with meanings: [свидетельство о браке] 
parsed word: die Abtreibung with meanings: [аборт] 
parsed word: leibliche Eltern with meanings: [кровные родители] 
parsed word: schmucken with meanings: [украшать] 
parsed word: beisetzen with meanings: [погребать] 
parsed word: taufen with meanings: [крестить] 
parsed word: verwohnen durch with meanings: [баловать чем-то] 
parsed word: beinringen D Akk with meanings: [прививать кому-то что-то] 
parsed word: gedenken G with meanings: [чтить память] 
parsed word: beweinen with meanings: [оплакивать] 
parsed word: schmieden with meanings: [ковать] 
parsed word: auskommen mit with meanings: [ладить с кем-то] 
parsed word: versorgen with meanings: [содержать (хозяйство)] 
parsed word: jdn stillen with meanings: [успокаивать] 
parsed word: krabbeln with meanings: [ползти] 
parsed word: ﻿gewaltig with meanings: [сильный, могущественный] 
parsed word: vorläufig with meanings: [предварительный, временный] 
parsed word: der Trumen with meanings: [развалины, руины] 
parsed word: aufkommen with meanings: [выздоравливать, возникать, появляться] 
parsed word: reinpassen with meanings: [помещатья, влазить, подходить по размеру] 
parsed word: endgultig with meanings: [окончательный] 
parsed word: schrittweis with meanings: [постепенный] 
java.lang.IllegalArgumentException: given word contains only white spaces 
parsed word: erschutettern with meanings: [сотрясать] 
parsed word: festhalten an with meanings: [придерживаться] 
parsed word: aufgeben with meanings: [задавать, поручать] 
parsed word: verstandigen with meanings: [ставить в известность] 
parsed word: der Zuschuss with meanings: [прибавка, субсидия, пособие] 
parsed word: aufwendig with meanings: [расточительный] 
parsed word: Bescheid wissen in with meanings: [хорошо в чем-то разбираться] 
parsed word: ﻿aus biologischer Sich with meanings: [с биологической точки зрения] 
parsed word: tendieren zu with meanings: [иметь тенденцию к] 
parsed word: leichtsinnig with meanings: [безрассудный] 
parsed word: ubersehen with meanings: [не замечать, пропускать, упускать] 
parsed word: die Abwehrhaltung with meanings: [защитная позиция] 
parsed word: vor allem und jedem with meanings: [перед всем и каждым] 
parsed word: der Vortrag halten vor with meanings: [внесли доклад перед] 
parsed word: heirfur with meanings: [на это, для этого] 
parsed word: das Lockmittel with meanings: [приманка] 
parsed word: das Ausleben with meanings: [изживание (аффекта)] 
parsed word: der Saugling with meanings: [грудной ребенок] 
parsed word: die Nahrungsaufnahme with meanings: [принятие пищи] 
parsed word: vorasugehen with meanings: [предшествовать, предварять] 
parsed word: sich koppeln an with meanings: [отвязываться к (другому событию)] 
parsed word: zufällig with meanings: [случайный] 
parsed word: unausweichlich with meanings: [неизбежно] 
parsed word: ausweichen with meanings: [избегать, уклоняться] 
parsed word: durchaus with meanings: [совсем, совершенно, абсолютно, непременно] 
parsed word: krass with meanings: [резкий, неприятный, разящий] 
parsed word: krass with meanings: [резко] 
parsed word: fluchtig with meanings: [мимолетный] 
parsed word: loswerden with meanings: [избавляться, освобождаться] 
parsed word: antreiben with meanings: [погонять, поощрять] 
parsed word: Chances haben zu with meanings: [иметь шансы на] 
parsed word: hingegen with meanings: [напротив (натомість)] 
parsed word: namenlos with meanings: [неизвестный] 
parsed word: schicksalhaft with meanings: [фатальный, судьбоносный] 
parsed word: mildern with meanings: [смягчать, облегчать] 
parsed word: sich winden with meanings: [виться] 
parsed word: der Aal with meanings: [угорь] 
parsed word: dei Raupe with meanings: [гусеница] 
parsed word: der Affenzahn with meanings: [бешенная скорость] 
parsed word: zuleide tun with meanings: [обижать] 
parsed word: krähen with meanings: [кудахкать] 
parsed word: lahmen with meanings: [хромать] 
parsed word: ﻿je nach Bedarf with meanings: [по потребности] 
word and meanings array [sich bedauern über (?)- сожадлеть то чем-то] has not length 2 in wichtig.txt line: 1 
