word and meanings array [] has not length 2 in Adjective aus Kopien.txt line: 27 
word and meanings array [] has not length 2 in Adjective aus Kopien.txt line: 28 
word and meanings array [﻿von] has not length 2 in Adjective mit Präpositionen.txt line: 0 
word and meanings array [auf A] has not length 2 in Adjective mit Präpositionen.txt line: 6 
word and meanings array [an D] has not length 2 in Adjective mit Präpositionen.txt line: 12 
word and meanings array [zu] has not length 2 in Adjective mit Präpositionen.txt line: 18 
word and meanings array [bei] has not length 2 in Adjective mit Präpositionen.txt line: 24 
word and meanings array [gegenüber] has not length 2 in Adjective mit Präpositionen.txt line: 27 
word and meanings array [gegen A] has not length 2 in Adjective mit Präpositionen.txt line: 30 
word and meanings array [an A] has not length 2 in Adjective mit Präpositionen.txt line: 33 
word and meanings array [für] has not length 2 in Adjective mit Präpositionen.txt line: 36 
word and meanings array [mit] has not length 2 in Adjective mit Präpositionen.txt line: 42 
word and meanings array [nach] has not length 2 in Adjective mit Präpositionen.txt line: 48 
word and meanings array [in A] has not length 2 in Adjective mit Präpositionen.txt line: 50 
word and meanings array [über] has not length 2 in Adjective mit Präpositionen.txt line: 53 
word and meanings array [in D] has not length 2 in Adjective mit Präpositionen.txt line: 60 
word and meanings array [] has not length 2 in Adjective mit Präpositionen.txt line: 64 
word and meanings array [] has not length 2 in C1 Kursbuch Kapitel 2.txt line: 30 
word and meanings array [] has not length 2 in C1 Kursbuch Seite 48.txt line: 1 
word and meanings array [] has not length 2 in C1 Kursbuch Seite 48.txt line: 2 
word and meanings array [] has not length 2 in C1 Kursbuch Seite 48.txt line: 4 
word and meanings array [] has not length 2 in C1 Kursbuch Seite 48.txt line: 5 
word and meanings array [] has not length 2 in C1 Kursbuch Seite 48.txt line: 7 
word and meanings array [] has not length 2 in C1 Kursbuch Seite 48.txt line: 8 
word and meanings array [] has not length 2 in C1 Kursbuch Seite 48.txt line: 10 
word and meanings array [] has not length 2 in C1 Kursbuch Seite 48.txt line: 11 
word and meanings array [] has not length 2 in C1 Kursbuch Seite 48.txt line: 13 
word and meanings array [] has not length 2 in C1 Kursbuch Seite 48.txt line: 14 
word and meanings array [] has not length 2 in C1 Kursbuch Seite 48.txt line: 16 
word and meanings array [] has not length 2 in C1 Kursbuch Seite 48.txt line: 17 
word and meanings array [] has not length 2 in C1 Kursbuch Seite 48.txt line: 19 
word and meanings array [] has not length 2 in C1 Kursbuch Seite 48.txt line: 20 
word and meanings array [] has not length 2 in C1 Kursbuch Seite 48.txt line: 22 
word and meanings array [] has not length 2 in C1 Kursbuch Seite 48.txt line: 23 
word and meanings array [] has not length 2 in C1 Kursbuch Seite 48.txt line: 25 
word and meanings array [] has not length 2 in C1 Kursbuch Seite 48.txt line: 26 
word and meanings array [] has not length 2 in C1 Kursbuch Seite 48.txt line: 28 
word and meanings array [] has not length 2 in C1 Kursbuch Seite 48.txt line: 29 
word and meanings array [] has not length 2 in C1 Kursbuch Seite 48.txt line: 31 
word and meanings array [] has not length 2 in C1 Kursbuch Seite 48.txt line: 32 
word and meanings array [] has not length 2 in C1 Kursbuch Seite 48.txt line: 34 
word and meanings array [] has not length 2 in C1 Kursbuch Seite 48.txt line: 35 
word and meanings array [] has not length 2 in C1 Kursbuch Seite 48.txt line: 37 
word and meanings array [] has not length 2 in C1 Kursbuch Seite 48.txt line: 38 
word and meanings array [] has not length 2 in C1 Kursbuch Seite 48.txt line: 40 
word and meanings array [] has not length 2 in C1 Kursbuch Seite 48.txt line: 41 
word and meanings array [] has not length 2 in C1 Kursbuch Seite 48.txt line: 43 
word and meanings array [] has not length 2 in C1 Kursbuch Seite 48.txt line: 44 
word and meanings array [] has not length 2 in C1 Kursbuch Seite 48.txt line: 46 
word and meanings array [] has not length 2 in C1 Kursbuch Seite 48.txt line: 47 
word and meanings array [] has not length 2 in C1 KURSBUCH SEITE 75.txt line: 11 
word and meanings array [] has not length 2 in KURSBUCH SEITE 51.txt line: 10 
word and meanings array [] has not length 2 in KURSBUCH SEITE 70.txt line: 13 
java.lang.IllegalArgumentException: given word contains only white spaces 
